********************************************************************************
DUPLICATOR-LITE PACKAGE-LOG: August 20, 2019 9:00 pm
NOTICE: Do NOT post to public sites or forums 
********************************************************************************
VERSION:	1.3.18
WORDPRESS:	5.2.2
PHP INFO:	7.2.19-0ubuntu0.18.04.2 | SAPI: apache2handler
SERVER:		Apache/2.4.29 (Ubuntu) 
PHP TIME LIMIT: (0) no time limit imposed 
PHP MAX MEMORY: 4294967296 (128M default) 
MEMORY STACK: 4MB

********************************************************************************
DATABASE:
********************************************************************************
BUILD MODE:   MYSQLDUMP
MYSQLTIMEOUT: 5000
MYSQLDUMP:    Is Supported
SQL CREATED: 20190820_cetprague_bca362cf7ac937946118_20190820210039_database.sql
SQL FILE SIZE: 1.18MB (1242045)
SQL FILE TIME: 2019-08-20 21:00:46
SQL RUNTIME: 0.15 sec.

********************************************************************************
ARCHIVE (ZIP):
********************************************************************************
ARCHIVE DIR:  /var/www/html
ARCHIVE FILE: 20190820_cetprague_bca362cf7ac937946118_20190820210039_archive.zip
FILTERS: *OFF*
DIRS:
	not set
FILES:
	not set
EXTS:  not set
----------------------------------------
COMPRESSING
SIZE:	151.77MB
STATS:	Dirs 916 | Files 7,090
SQL ADDED: 20190820_cetprague_bca362cf7ac937946118_20190820210039_database.sql
ZipArchive Object
(
    [status] => 0
    [statusSys] => 0
    [numFiles] => 8006
    [filename] => /var/www/html/wp-snapshots/tmp/20190820_cetprague_bca362cf7ac937946118_20190820210039_archive.zip
    [comment] => 
)

FILE ADDED TO ZIP: 8005
COMPRESSION RESULT: '1'
COMPRESSED SIZE: 86.73MB
ARCHIVE RUNTIME: 10.88 sec.
MEMORY STACK: 6MB
building installer
add_extra_files1
add_extra_files2
add_extra_files3
add_extra_files4
Doing archive file check
add_extra_files5
add_extra_files6
add_extra_files8
Successfully opened zip /var/www/html/wp-snapshots/tmp/20190820_cetprague_bca362cf7ac937946118_20190820210039_archive.zip
Adding enhanced installer files to archive using ZipArchive
Installer files added to archive
Added to archive
After ziparchive close when adding installer

********************************************************************************
INTEGRITY CHECKS:
********************************************************************************
SQL FILE: 1.18MB
INSTALLER FILE: 59.37KB
ARCHIVE FILE: 88.08MB 
EXPECTED FILE/DIRECTORY COUNT: 8,006
ACTUAL FILE/DIRECTORY COUNT: 8,005
ARCHIVE CONSISTENCY TEST: Pass

********************************************************************************
RECORD ID:[3]
TOTAL PROCESS RUNTIME: 12.07 sec.
PEAK PHP MEMORY USED: 8MB
DONE PROCESSING => 20190820_cetprague August 20, 2019 9:00 pm

