********************************************************************************
DUPLICATOR-LITE PACKAGE-LOG: August 16, 2019 11:03 am
NOTICE: Do NOT post to public sites or forums 
********************************************************************************
VERSION:	1.3.18
WORDPRESS:	5.2.2
PHP INFO:	7.2.19-0ubuntu0.18.04.2 | SAPI: apache2handler
SERVER:		Apache/2.4.29 (Ubuntu) 
PHP TIME LIMIT: (0) no time limit imposed 
PHP MAX MEMORY: 4294967296 (128M default) 
MEMORY STACK: 2MB

********************************************************************************
DATABASE:
********************************************************************************
BUILD MODE:   MYSQLDUMP
MYSQLTIMEOUT: 5000
MYSQLDUMP:    Is Supported
SQL CREATED: 20190816_cetprague_d5a5cbbe343722379647_20190816110346_database.sql
SQL FILE SIZE: 736.62KB (754301)
SQL FILE TIME: 2019-08-16 11:03:52
SQL RUNTIME: 0.14 sec.

********************************************************************************
ARCHIVE (ZIP):
********************************************************************************
ARCHIVE DIR:  /var/www/html
ARCHIVE FILE: 20190816_cetprague_d5a5cbbe343722379647_20190816110346_archive.zip
FILTERS: *OFF*
DIRS:
	not set
FILES:
	not set
EXTS:  not set
----------------------------------------
COMPRESSING
SIZE:	138.79MB
STATS:	Dirs 905 | Files 6,846
SQL ADDED: 20190816_cetprague_d5a5cbbe343722379647_20190816110346_database.sql
ZipArchive Object
(
    [status] => 0
    [statusSys] => 0
    [numFiles] => 7751
    [filename] => /var/www/html/wp-snapshots/tmp/20190816_cetprague_d5a5cbbe343722379647_20190816110346_archive.zip
    [comment] => 
)

FILE ADDED TO ZIP: 7750
COMPRESSION RESULT: '1'
COMPRESSED SIZE: 75.46MB
ARCHIVE RUNTIME: 10.54 sec.
MEMORY STACK: 4MB
building installer
add_extra_files1
add_extra_files2
add_extra_files3
add_extra_files4
Doing archive file check
add_extra_files5
add_extra_files6
add_extra_files8
Successfully opened zip /var/www/html/wp-snapshots/tmp/20190816_cetprague_d5a5cbbe343722379647_20190816110346_archive.zip
Adding enhanced installer files to archive using ZipArchive
Installer files added to archive
Added to archive
After ziparchive close when adding installer

********************************************************************************
INTEGRITY CHECKS:
********************************************************************************
SQL FILE: 736.62KB
INSTALLER FILE: 59.37KB
ARCHIVE FILE: 76.81MB 
EXPECTED FILE/DIRECTORY COUNT: 7,751
ACTUAL FILE/DIRECTORY COUNT: 7,750
ARCHIVE CONSISTENCY TEST: Pass

********************************************************************************
RECORD ID:[2]
TOTAL PROCESS RUNTIME: 11.67 sec.
PEAK PHP MEMORY USED: 6MB
DONE PROCESSING => 20190816_cetprague August 16, 2019 11:04 am

